[debug] [2025-07-14T06:02:37.364Z] ----------------------------------------------------------------------
[debug] [2025-07-14T06:02:37.365Z] Command:       C:\nvm4w\nodejs\node.exe C:\nvm4w\nodejs\node_modules\firebase-tools\lib\bin\firebase.js deploy --only functions
[debug] [2025-07-14T06:02:37.365Z] CLI Version:   14.7.0
[debug] [2025-07-14T06:02:37.365Z] Platform:      win32
[debug] [2025-07-14T06:02:37.365Z] Node Version:  v24.2.0
[debug] [2025-07-14T06:02:37.365Z] Time:          Mon Jul 14 2025 15:02:37 GMT+0900 (대한민국 표준시)
[debug] [2025-07-14T06:02:37.366Z] ----------------------------------------------------------------------
[debug] 
[debug] [2025-07-14T06:02:37.466Z] Object "" in "firebase.json" has unknown property: {"additionalProperty":"flutter"}
[debug] [2025-07-14T06:02:37.468Z] > command requires scopes: ["email","openid","https://www.googleapis.com/auth/cloudplatformprojects.readonly","https://www.googleapis.com/auth/firebase","https://www.googleapis.com/auth/cloud-platform"]
[debug] [2025-07-14T06:02:37.468Z] > authorizing via signed-in user (idlepoe@gmail.com)
[debug] [2025-07-14T06:02:37.468Z] [iam] checking project easy-news-9545c for permissions ["cloudfunctions.functions.create","cloudfunctions.functions.delete","cloudfunctions.functions.get","cloudfunctions.functions.list","cloudfunctions.functions.update","cloudfunctions.operations.get","firebase.projects.get"]
[debug] [2025-07-14T06:02:37.469Z] Checked if tokens are valid: false, expires at: 1752471915786
[debug] [2025-07-14T06:02:37.469Z] Checked if tokens are valid: false, expires at: 1752471915786
[debug] [2025-07-14T06:02:37.469Z] > refreshing access token with scopes: []
[debug] [2025-07-14T06:02:37.470Z] >>> [apiv2][query] POST https://www.googleapis.com/oauth2/v3/token [none]
[debug] [2025-07-14T06:02:37.470Z] >>> [apiv2][body] POST https://www.googleapis.com/oauth2/v3/token [omitted]
[debug] [2025-07-14T06:02:37.703Z] <<< [apiv2][status] POST https://www.googleapis.com/oauth2/v3/token 200
[debug] [2025-07-14T06:02:37.703Z] <<< [apiv2][body] POST https://www.googleapis.com/oauth2/v3/token [omitted]
[debug] [2025-07-14T06:02:37.715Z] >>> [apiv2][query] POST https://cloudresourcemanager.googleapis.com/v1/projects/easy-news-9545c:testIamPermissions [none]
[debug] [2025-07-14T06:02:37.715Z] >>> [apiv2][(partial)header] POST https://cloudresourcemanager.googleapis.com/v1/projects/easy-news-9545c:testIamPermissions x-goog-quota-user=projects/easy-news-9545c
[debug] [2025-07-14T06:02:37.716Z] >>> [apiv2][body] POST https://cloudresourcemanager.googleapis.com/v1/projects/easy-news-9545c:testIamPermissions {"permissions":["cloudfunctions.functions.create","cloudfunctions.functions.delete","cloudfunctions.functions.get","cloudfunctions.functions.list","cloudfunctions.functions.update","cloudfunctions.operations.get","firebase.projects.get"]}
[debug] [2025-07-14T06:02:38.015Z] <<< [apiv2][status] POST https://cloudresourcemanager.googleapis.com/v1/projects/easy-news-9545c:testIamPermissions 200
[debug] [2025-07-14T06:02:38.015Z] <<< [apiv2][body] POST https://cloudresourcemanager.googleapis.com/v1/projects/easy-news-9545c:testIamPermissions {"permissions":["cloudfunctions.functions.create","cloudfunctions.functions.delete","cloudfunctions.functions.get","cloudfunctions.functions.list","cloudfunctions.functions.update","cloudfunctions.operations.get","firebase.projects.get"]}
[debug] [2025-07-14T06:02:38.015Z] Checked if tokens are valid: true, expires at: 1752476556703
[debug] [2025-07-14T06:02:38.015Z] Checked if tokens are valid: true, expires at: 1752476556703
[debug] [2025-07-14T06:02:38.015Z] >>> [apiv2][query] POST https://iam.googleapis.com/v1/projects/easy-news-9545c/serviceAccounts/easy-news-9545c@appspot.gserviceaccount.com:testIamPermissions [none]
[debug] [2025-07-14T06:02:38.015Z] >>> [apiv2][body] POST https://iam.googleapis.com/v1/projects/easy-news-9545c/serviceAccounts/easy-news-9545c@appspot.gserviceaccount.com:testIamPermissions {"permissions":["iam.serviceAccounts.actAs"]}
[debug] [2025-07-14T06:02:39.104Z] <<< [apiv2][status] POST https://iam.googleapis.com/v1/projects/easy-news-9545c/serviceAccounts/easy-news-9545c@appspot.gserviceaccount.com:testIamPermissions 200
[debug] [2025-07-14T06:02:39.104Z] <<< [apiv2][body] POST https://iam.googleapis.com/v1/projects/easy-news-9545c/serviceAccounts/easy-news-9545c@appspot.gserviceaccount.com:testIamPermissions {"permissions":["iam.serviceAccounts.actAs"]}
[info] 
[info] === Deploying to 'easy-news-9545c'...
[info] 
[info] i  deploying functions 
[info] Running command: npm --prefix "$RESOURCE_DIR" run build
[info] +  functions: Finished running predeploy script. 
[debug] [2025-07-14T06:02:42.204Z] Checked if tokens are valid: true, expires at: 1752476556703
[debug] [2025-07-14T06:02:42.204Z] Checked if tokens are valid: true, expires at: 1752476556703
[debug] [2025-07-14T06:02:42.204Z] >>> [apiv2][query] GET https://serviceusage.googleapis.com/v1/projects/easy-news-9545c/services/cloudresourcemanager.googleapis.com [none]
[debug] [2025-07-14T06:02:42.204Z] >>> [apiv2][(partial)header] GET https://serviceusage.googleapis.com/v1/projects/easy-news-9545c/services/cloudresourcemanager.googleapis.com x-goog-quota-user=projects/easy-news-9545c
[debug] [2025-07-14T06:02:43.421Z] <<< [apiv2][status] GET https://serviceusage.googleapis.com/v1/projects/easy-news-9545c/services/cloudresourcemanager.googleapis.com 200
[debug] [2025-07-14T06:02:43.421Z] <<< [apiv2][body] GET https://serviceusage.googleapis.com/v1/projects/easy-news-9545c/services/cloudresourcemanager.googleapis.com [omitted]
[debug] [2025-07-14T06:02:43.421Z] Checked if tokens are valid: true, expires at: 1752476556703
[debug] [2025-07-14T06:02:43.421Z] Checked if tokens are valid: true, expires at: 1752476556703
[debug] [2025-07-14T06:02:43.421Z] >>> [apiv2][query] GET https://cloudresourcemanager.googleapis.com/v1/projects/easy-news-9545c [none]
[debug] [2025-07-14T06:02:43.769Z] <<< [apiv2][status] GET https://cloudresourcemanager.googleapis.com/v1/projects/easy-news-9545c 200
[debug] [2025-07-14T06:02:43.769Z] <<< [apiv2][body] GET https://cloudresourcemanager.googleapis.com/v1/projects/easy-news-9545c {"projectNumber":"259578855336","projectId":"easy-news-9545c","lifecycleState":"ACTIVE","name":"easy-news","labels":{"firebase":"enabled","firebase-core":"disabled"},"createTime":"2025-07-13T02:34:45.532775Z"}
[info] i  functions: preparing codebase default for deployment 
[info] i  functions: ensuring required API cloudfunctions.googleapis.com is enabled... 
[debug] [2025-07-14T06:02:43.769Z] Checked if tokens are valid: true, expires at: 1752476556703
[debug] [2025-07-14T06:02:43.769Z] Checked if tokens are valid: true, expires at: 1752476556703
[debug] [2025-07-14T06:02:43.769Z] Checked if tokens are valid: true, expires at: 1752476556703
[debug] [2025-07-14T06:02:43.770Z] Checked if tokens are valid: true, expires at: 1752476556703
[info] i  functions: ensuring required API cloudbuild.googleapis.com is enabled... 
[debug] [2025-07-14T06:02:43.770Z] Checked if tokens are valid: true, expires at: 1752476556703
[debug] [2025-07-14T06:02:43.770Z] Checked if tokens are valid: true, expires at: 1752476556703
[info] i  artifactregistry: ensuring required API artifactregistry.googleapis.com is enabled... 
[debug] [2025-07-14T06:02:43.770Z] Checked if tokens are valid: true, expires at: 1752476556703
[debug] [2025-07-14T06:02:43.770Z] Checked if tokens are valid: true, expires at: 1752476556703
[debug] [2025-07-14T06:02:43.770Z] >>> [apiv2][query] GET https://serviceusage.googleapis.com/v1/projects/easy-news-9545c/services/cloudfunctions.googleapis.com [none]
[debug] [2025-07-14T06:02:43.770Z] >>> [apiv2][(partial)header] GET https://serviceusage.googleapis.com/v1/projects/easy-news-9545c/services/cloudfunctions.googleapis.com x-goog-quota-user=projects/easy-news-9545c
[debug] [2025-07-14T06:02:43.770Z] >>> [apiv2][query] GET https://serviceusage.googleapis.com/v1/projects/easy-news-9545c/services/runtimeconfig.googleapis.com [none]
[debug] [2025-07-14T06:02:43.770Z] >>> [apiv2][(partial)header] GET https://serviceusage.googleapis.com/v1/projects/easy-news-9545c/services/runtimeconfig.googleapis.com x-goog-quota-user=projects/easy-news-9545c
[debug] [2025-07-14T06:02:43.771Z] >>> [apiv2][query] GET https://serviceusage.googleapis.com/v1/projects/easy-news-9545c/services/cloudbuild.googleapis.com [none]
[debug] [2025-07-14T06:02:43.771Z] >>> [apiv2][(partial)header] GET https://serviceusage.googleapis.com/v1/projects/easy-news-9545c/services/cloudbuild.googleapis.com x-goog-quota-user=projects/easy-news-9545c
[debug] [2025-07-14T06:02:43.772Z] >>> [apiv2][query] GET https://serviceusage.googleapis.com/v1/projects/easy-news-9545c/services/artifactregistry.googleapis.com [none]
[debug] [2025-07-14T06:02:43.772Z] >>> [apiv2][(partial)header] GET https://serviceusage.googleapis.com/v1/projects/easy-news-9545c/services/artifactregistry.googleapis.com x-goog-quota-user=projects/easy-news-9545c
[debug] [2025-07-14T06:02:44.074Z] <<< [apiv2][status] GET https://serviceusage.googleapis.com/v1/projects/easy-news-9545c/services/cloudfunctions.googleapis.com 200
[debug] [2025-07-14T06:02:44.074Z] <<< [apiv2][body] GET https://serviceusage.googleapis.com/v1/projects/easy-news-9545c/services/cloudfunctions.googleapis.com [omitted]
[info] +  functions: required API cloudfunctions.googleapis.com is enabled 
[debug] [2025-07-14T06:02:44.897Z] <<< [apiv2][status] GET https://serviceusage.googleapis.com/v1/projects/easy-news-9545c/services/runtimeconfig.googleapis.com 200
[debug] [2025-07-14T06:02:44.897Z] <<< [apiv2][body] GET https://serviceusage.googleapis.com/v1/projects/easy-news-9545c/services/runtimeconfig.googleapis.com [omitted]
[debug] [2025-07-14T06:02:44.904Z] <<< [apiv2][status] GET https://serviceusage.googleapis.com/v1/projects/easy-news-9545c/services/cloudbuild.googleapis.com 200
[debug] [2025-07-14T06:02:44.904Z] <<< [apiv2][body] GET https://serviceusage.googleapis.com/v1/projects/easy-news-9545c/services/cloudbuild.googleapis.com [omitted]
[info] +  functions: required API cloudbuild.googleapis.com is enabled 
[debug] [2025-07-14T06:02:44.913Z] <<< [apiv2][status] GET https://serviceusage.googleapis.com/v1/projects/easy-news-9545c/services/artifactregistry.googleapis.com 200
[debug] [2025-07-14T06:02:44.913Z] <<< [apiv2][body] GET https://serviceusage.googleapis.com/v1/projects/easy-news-9545c/services/artifactregistry.googleapis.com [omitted]
[info] +  artifactregistry: required API artifactregistry.googleapis.com is enabled 
[debug] [2025-07-14T06:02:44.913Z] Checked if tokens are valid: true, expires at: 1752476556703
[debug] [2025-07-14T06:02:44.913Z] Checked if tokens are valid: true, expires at: 1752476556703
[debug] [2025-07-14T06:02:44.913Z] >>> [apiv2][query] GET https://firebase.googleapis.com/v1beta1/projects/easy-news-9545c/adminSdkConfig [none]
[debug] [2025-07-14T06:02:45.352Z] <<< [apiv2][status] GET https://firebase.googleapis.com/v1beta1/projects/easy-news-9545c/adminSdkConfig 200
[debug] [2025-07-14T06:02:45.352Z] <<< [apiv2][body] GET https://firebase.googleapis.com/v1beta1/projects/easy-news-9545c/adminSdkConfig {"projectId":"easy-news-9545c","storageBucket":"easy-news-9545c.firebasestorage.app"}
[debug] [2025-07-14T06:02:45.352Z] Checked if tokens are valid: true, expires at: 1752476556703
[debug] [2025-07-14T06:02:45.352Z] Checked if tokens are valid: true, expires at: 1752476556703
[debug] [2025-07-14T06:02:45.352Z] >>> [apiv2][query] GET https://runtimeconfig.googleapis.com/v1beta1/projects/easy-news-9545c/configs [none]
[debug] [2025-07-14T06:02:45.917Z] <<< [apiv2][status] GET https://runtimeconfig.googleapis.com/v1beta1/projects/easy-news-9545c/configs 200
[debug] [2025-07-14T06:02:45.917Z] <<< [apiv2][body] GET https://runtimeconfig.googleapis.com/v1beta1/projects/easy-news-9545c/configs {}
[debug] [2025-07-14T06:02:45.917Z] Validating nodejs source
[debug] [2025-07-14T06:02:46.420Z] > [functions] package.json contents: {
  "name": "functions",
  "scripts": {
    "build": "tsc",
    "build:watch": "tsc --watch",
    "serve": "npm run build && firebase emulators:start --only functions",
    "shell": "npm run build && firebase functions:shell",
    "start": "npm run shell",
    "deploy": "firebase deploy --only functions",
    "logs": "firebase functions:log"
  },
  "engines": {
    "node": "22"
  },
  "main": "lib/index.js",
  "dependencies": {
    "@firebase/ai": "^1.4.1",
    "@google-cloud/vertexai": "^1.10.0",
    "@google/generative-ai": "^0.24.1",
    "axios": "^1.10.0",
    "cheerio": "^1.1.0",
    "dotenv": "^17.2.0",
    "firebase-admin": "^12.6.0",
    "firebase-functions": "^6.0.1",
    "xml2js": "^0.6.2"
  },
  "devDependencies": {
    "@types/cheerio": "^0.22.35",
    "@types/xml2js": "^0.4.14",
    "firebase-functions-test": "^3.1.0",
    "typescript": "^5.7.3"
  },
  "private": true
}
[debug] [2025-07-14T06:02:46.420Z] Building nodejs source
[info] i  functions: Loading and analyzing source code for codebase default to determine what to deploy 
[debug] [2025-07-14T06:02:46.421Z] Could not find functions.yaml. Must use http discovery
[debug] [2025-07-14T06:02:46.425Z] Found firebase-functions binary at 'C:\Workspace\easy_news\functions\node_modules\.bin\firebase-functions'
[info] Serving at port 8900

[debug] [2025-07-14T06:02:46.990Z] Got response from /__/functions.yaml {"endpoints":{"sbsNewsScheduler":{"availableMemoryMb":null,"timeoutSeconds":1800,"minInstances":null,"maxInstances":null,"ingressSettings":null,"concurrency":null,"serviceAccountEmail":null,"vpc":null,"platform":"gcfv2","labels":{},"scheduleTrigger":{"schedule":"every 6 hours","retryConfig":{"retryCount":3},"timeZone":"Asia/Seoul"},"entryPoint":"sbsNewsScheduler"},"fetchNewsManually":{"availableMemoryMb":null,"timeoutSeconds":540,"minInstances":null,"maxInstances":null,"ingressSettings":null,"concurrency":null,"serviceAccountEmail":null,"vpc":null,"platform":"gcfv2","labels":{},"httpsTrigger":{},"entryPoint":"fetchNewsManually"},"getNewsListAPI":{"availableMemoryMb":null,"timeoutSeconds":60,"minInstances":null,"maxInstances":null,"ingressSettings":null,"concurrency":null,"serviceAccountEmail":null,"vpc":null,"platform":"gcfv2","labels":{},"httpsTrigger":{},"entryPoint":"getNewsListAPI"},"getNewsDetailAPI":{"availableMemoryMb":null,"timeoutSeconds":30,"minInstances":null,"maxInstances":null,"ingressSettings":null,"concurrency":null,"serviceAccountEmail":null,"vpc":null,"platform":"gcfv2","labels":{},"httpsTrigger":{},"entryPoint":"getNewsDetailAPI"},"updateNewsViewCountAPI":{"availableMemoryMb":null,"timeoutSeconds":30,"minInstances":null,"maxInstances":null,"ingressSettings":null,"concurrency":null,"serviceAccountEmail":null,"vpc":null,"platform":"gcfv2","labels":{},"httpsTrigger":{},"entryPoint":"updateNewsViewCountAPI"}},"specVersion":"v1alpha1","requiredAPIs":[{"api":"cloudscheduler.googleapis.com","reason":"Needed for scheduled functions."}],"extensions":{}}
[error] ^C
